
[ Lynis 3.1.5 ]

################################################################################
  Lynis comes with ABSOLUTELY NO WARRANTY. This is free software, and you are
  welcome to redistribute it under the terms of the GNU General Public License.
  See the LICENSE file for details about using this software.

  2007-2025, CISOfy - https://cisofy.com/lynis/
  Enterprise support available (compliance, plugins, interface and tools)
################################################################################


[+] Initializing program
------------------------------------
[2C- Detecting OS... [41C [ DONE ]
[2C- Checking profiles...[37C [ DONE ]
[2C- Detecting language and localization[22C [ es ]

  ---------------------------------------------------
  Program version:           3.1.5
  Operating system:          Linux
  Operating system name:     Fedora Linux
  Operating system version:  42
  Kernel version:            6.17.4
  Hardware platform:         x86_64
  Hostname:                  fedora
  ---------------------------------------------------
  Profiles:                  /etc/lynis/default.prf
  Log file:                  /var/log/lynis.log
  Report file:               /var/log/lynis-report.dat
  Report version:            1.0
  Plugin directory:          /usr/share/lynis/plugins
  ---------------------------------------------------
  Auditor:                   [Not Specified]
  Language:                  es
  Test category:             all
  Test group:                all
  ---------------------------------------------------
[2C- Program update status... [32C [ ACTUALIZACIÓN DISPONIBLE ]

      ===============================================================================
        Lynis Actualización disponible
      ===============================================================================

        Current version : 315   Latest version : 316

        Please update to the latest version.
        New releases include additional features, bug fixes, tests, and baselines.

        Download the latest version:

        Packages (DEB/RPM) -  https://packages.cisofy.com
        Website (TAR)      -  https://cisofy.com/downloads/
        GitHub (source)    -  https://github.com/CISOfy/lynis

      ===============================================================================


[+] Herramientas del sistema
------------------------------------
[2C- Scanning available tools...[30C
[2C- Checking system binaries...[30C

[+] Plugins (fase 1)
------------------------------------
[0CNota: los plugins contienen pruebas más extensivas y toman más tiempo[0C
[0C [0C
[2C- Plugins activados[40C [ NINGUNO ]

[+] Arranque y servicios
------------------------------------
[2C- Service Manager[42C [ systemd ]
[2C- Checking UEFI boot[39C [ HABILITADO ]
[2C- Checking Secure Boot[37C [ DESHABILITADO ]
[2C- Checking presence GRUB2[34C [ ENCONTRADO ]
[4C- Checking for password protection[23C [ OK ]
[2C- Check running services (systemctl)[23C [ HECHO ]
[8CResult: found 52 running services[20C
[2C- Check enabled services at boot (systemctl)[15C [ HECHO ]
[8CResult: found 65 enabled services[20C
[2C- Check startup files (permissions)[24C [ OK ]
[2C- Running 'systemd-analyze security'[23C
[6CUnit name (exposure value) and predicate[15C
[6C--------------------------------[23C
[4C- ModemManager.service (value=6.3)[23C [ MEDIO ]
[4C- NetworkManager.service (value=7.8)[21C [ EXPUESTO ]
[4C- abrt-journal-core.service (value=9.6)[18C [ INSEGURO ]
[4C- abrt-oops.service (value=9.6)[26C [ INSEGURO ]
[4C- abrt-xorg.service (value=9.6)[26C [ INSEGURO ]
[4C- abrtd.service (value=5.6)[30C [ MEDIO ]
[4C- accounts-daemon.service (value=5.5)[20C [ MEDIO ]
[4C- alsa-state.service (value=9.6)[25C [ INSEGURO ]
[4C- atd.service (value=9.6)[32C [ INSEGURO ]
[4C- auditd.service (value=9.4)[29C [ INSEGURO ]
[4C- avahi-daemon.service (value=9.6)[23C [ INSEGURO ]
[4C- bluetooth.service (value=6.0)[26C [ MEDIO ]
[4C- chronyd.service (value=3.9)[28C [ PROTEGIDO ]
[4C- colord.service (value=2.8)[29C [ PROTEGIDO ]
[4C- crond.service (value=9.6)[30C [ INSEGURO ]
[4C- cups.service (value=9.6)[31C [ INSEGURO ]
[4C- dbus-:1.3-org.freedesktop.problems@0.service (value=9.6)[0C [ INSEGURO ]
[4C- dbus-broker.service (value=8.7)[24C [ EXPUESTO ]
[4C- dm-event.service (value=9.5)[27C [ INSEGURO ]
[4C- emergency.service (value=9.5)[26C [ INSEGURO ]
[4C- firewalld.service (value=7.3)[26C [ MEDIO ]
[4C- flatpak-system-helper.service (value=9.6)[14C [ INSEGURO ]
[4C- fwupd.service (value=4.5)[30C [ PROTEGIDO ]
[4C- gdm.service (value=9.8)[32C [ INSEGURO ]
[4C- geoclue.service (value=7.5)[28C [ EXPUESTO ]
[4C- getty@tty1.service (value=9.6)[25C [ INSEGURO ]
[4C- grub2-systemd-integration.service (value=9.5)[10C [ INSEGURO ]
[4C- gssproxy.service (value=8.4)[27C [ EXPUESTO ]
[4C- irqbalance.service (value=1.4)[25C [ PROTEGIDO ]
[4C- iscsid.service (value=9.5)[29C [ INSEGURO ]
[4C- iscsiuio.service (value=9.5)[27C [ INSEGURO ]
[4C- libvirtd.service (value=9.6)[27C [ INSEGURO ]
[4C- low-memory-monitor.service (value=6.3)[17C [ MEDIO ]
[4C- lvm2-lvmpolld.service (value=9.5)[22C [ INSEGURO ]
[4C- mcelog.service (value=9.6)[29C [ INSEGURO ]
[4C- mdmonitor.service (value=9.6)[26C [ INSEGURO ]
[4C- nfs-idmapd.service (value=9.5)[25C [ INSEGURO ]
[4C- nfs-mountd.service (value=9.5)[25C [ INSEGURO ]
[4C- nfsdcld.service (value=9.5)[28C [ INSEGURO ]
[4C- nvidia-persistenced.service (value=9.6)[16C [ INSEGURO ]
[4C- nvidia-powerd.service (value=9.6)[22C [ INSEGURO ]
[4C- pcscd.service (value=9.6)[30C [ INSEGURO ]
[4C- plymouth-halt.service (value=9.5)[22C [ INSEGURO ]
[4C- plymouth-kexec.service (value=9.5)[21C [ INSEGURO ]
[4C- plymouth-poweroff.service (value=9.5)[18C [ INSEGURO ]
[4C- plymouth-reboot.service (value=9.5)[20C [ INSEGURO ]
[4C- plymouth-start.service (value=9.5)[21C [ INSEGURO ]
[4C- polkit.service (value=1.2)[29C [ PROTEGIDO ]
[4C- rc-local.service (value=9.6)[27C [ INSEGURO ]
[4C- rescue.service (value=9.5)[29C [ INSEGURO ]
[4C- rpc-gssd.service (value=9.5)[27C [ INSEGURO ]
[4C- rpc-statd-notify.service (value=9.5)[19C [ INSEGURO ]
[4C- rpc-statd.service (value=9.5)[26C [ INSEGURO ]
[4C- rpcbind.service (value=7.3)[28C [ MEDIO ]
[4C- rsyslog.service (value=5.8)[28C [ MEDIO ]
[4C- rtkit-daemon.service (value=7.1)[23C [ MEDIO ]
[4C- smartd.service (value=9.6)[29C [ INSEGURO ]
[4C- sssd-kcm.service (value=7.1)[27C [ MEDIO ]
[4C- sssd.service (value=7.1)[31C [ MEDIO ]
[4C- switcheroo-control.service (value=7.6)[17C [ EXPUESTO ]
[4C- systemd-ask-password-console.service (value=9.4)[7C [ INSEGURO ]
[4C- systemd-ask-password-plymouth.service (value=9.5)[6C [ INSEGURO ]
[4C- systemd-ask-password-wall.service (value=9.4)[10C [ INSEGURO ]
[4C- systemd-bsod.service (value=9.5)[23C [ INSEGURO ]
[4C- systemd-homed.service (value=5.8)[22C [ MEDIO ]
[4C- systemd-hostnamed.service (value=1.7)[18C [ PROTEGIDO ]
[4C- systemd-importd.service (value=5.0)[20C [ MEDIO ]
[4C- systemd-initctl.service (value=9.4)[20C [ INSEGURO ]
[4C- systemd-journald.service (value=4.9)[19C [ PROTEGIDO ]
[4C- systemd-logind.service (value=2.8)[21C [ PROTEGIDO ]
[4C- systemd-machined.service (value=6.2)[19C [ MEDIO ]
[4C- systemd-oomd.service (value=1.8)[23C [ PROTEGIDO ]
[4C- systemd-resolved.service (value=2.2)[19C [ PROTEGIDO ]
[4C- systemd-rfkill.service (value=9.4)[21C [ INSEGURO ]
[4C- systemd-timesyncd.service (value=2.1)[18C [ PROTEGIDO ]
[4C- systemd-udevd.service (value=7.0)[22C [ MEDIO ]
[4C- systemd-userdbd.service (value=2.3)[20C [ PROTEGIDO ]
[4C- thermald.service (value=9.6)[27C [ INSEGURO ]
[4C- tuned-ppd.service (value=9.6)[26C [ INSEGURO ]
[4C- tuned.service (value=9.6)[30C [ INSEGURO ]
[4C- udisks2.service (value=9.6)[28C [ INSEGURO ]
[4C- upower.service (value=2.4)[29C [ PROTEGIDO ]
[4C- uresourced.service (value=8.5)[25C [ EXPUESTO ]
[4C- user@0.service (value=9.8)[29C [ INSEGURO ]
[4C- user@1000.service (value=9.4)[26C [ INSEGURO ]
[4C- vboxservice.service (value=9.6)[24C [ INSEGURO ]
[4C- vgauthd.service (value=9.6)[28C [ INSEGURO ]
[4C- virtinterfaced.service (value=9.6)[21C [ INSEGURO ]
[4C- virtlockd.service (value=9.6)[26C [ INSEGURO ]
[4C- virtlogd.service (value=2.2)[27C [ PROTEGIDO ]
[4C- virtnetworkd.service (value=9.6)[23C [ INSEGURO ]
[4C- virtnodedevd.service (value=9.6)[23C [ INSEGURO ]
[4C- virtnwfilterd.service (value=9.6)[22C [ INSEGURO ]
[4C- virtproxyd.service (value=9.6)[25C [ INSEGURO ]
[4C- virtqemud.service (value=9.6)[26C [ INSEGURO ]
[4C- virtsecretd.service (value=9.6)[24C [ INSEGURO ]
[4C- virtstoraged.service (value=9.6)[23C [ INSEGURO ]
[4C- vmtoolsd.service (value=9.6)[27C [ INSEGURO ]
[4C- wpa_supplicant.service (value=9.6)[21C [ INSEGURO ]

[+] Kernel
------------------------------------
[2C- Checking default runlevel[32C [ runlevel 5 ]
[2C- Checking CPU support (NX/PAE)[28C
[4CCPU support: PAE and/or NoeXecute supported[14C [ ENCONTRADO ]
[2C- Checking kernel version and release[22C [ HECHO ]
[2C- Checking kernel type[37C [ HECHO ]
[2C- Checking loaded kernel modules[27C [ HECHO ]
[6CFound 207 active modules[31C
[2C- Checking Linux kernel configuration file[17C [ ENCONTRADO ]
[2C- Checking default I/O kernel scheduler[20C [ NO ENCONTRADO ]
[2C- Checking core dumps configuration[24C
[4C- configuration in systemd conf files[20C [ POR DEFECTO ]
[4C- configuration in /etc/profile[26C [ POR DEFECTO ]
[4C- 'hard' configuration in /etc/security/limits.conf[6C [ POR DEFECTO ]
[4C- 'soft' configuration in /etc/security/limits.conf[6C [ POR DEFECTO ]
[4C- Checking setuid core dumps configuration[15C [ PROTEGIDO ]
[2C- Check if reboot is needed[32C [ NO ]

[+] Memoria y procesos
------------------------------------
[2C- Checking /proc/meminfo[35C [ ENCONTRADO ]
[2C- Searching for dead/zombie processes[22C [ NO ENCONTRADO ]
[2C- Searching for IO waiting processes[23C [ NO ENCONTRADO ]
[2C- Search prelink tooling[35C [ NO ENCONTRADO ]

[+] Usuarios, grupos y autenticación
------------------------------------
[2C- Administrator accounts[35C [ OK ]
[2C- Unique UIDs[46C [ OK ]
[2C- Consistency of group files (grpck)[23C [ OK ]
[2C- Unique group IDs[41C [ OK ]
[2C- Unique group names[39C [ OK ]
[2C- Password file consistency[32C [ OK ]
[2C- Password hashing methods[33C [ OK ]
[2C- Checking password hashing rounds[25C [ DESHABILITADO ]
[2C- Query system users (non daemons)[25C [ HECHO ]
[2C- NIS+ authentication support[30C [ NO HABILITADO ]
[2C- NIS authentication support[31C [ NO HABILITADO ]
[2C- Sudoers file(s)[42C [ ENCONTRADO ]
[4C- Permissions for directory: /etc/sudoers.d[14C [ OK ]
[4C- Permissions for: /etc/sudoers[26C [ OK ]
[2C- PAM password strength tools[30C [ OK ]
[2C- PAM configuration file (pam.conf)[24C [ NO ENCONTRADO ]
[2C- PAM configuration files (pam.d)[26C [ ENCONTRADO ]
[2C- PAM modules[46C [ ENCONTRADO ]
[2C- LDAP module in PAM[39C [ NO ENCONTRADO ]
[2C- Accounts without expire date[29C [ OK ]
[2C- Accounts without password[32C [ OK ]
[2C- Locked accounts[42C [ OK ]
[2C- Checking user password aging (minimum)[19C [ DESHABILITADO ]
[2C- User password aging (maximum)[28C [ DESHABILITADO ]
[2C- Checking expired passwords[31C [ OK ]
[2C- Checking Linux single user mode authentication[11C [ OK ]
[2C- Determining default umask[32C
[4C- umask (/etc/profile)[35C [ NO ENCONTRADO ]
[4C- umask (/etc/login.defs)[32C [ SUGERENCIA ]
[4C- umask (/etc/init.d/functions)[26C [ SUGERENCIA ]
[2C- LDAP authentication support[30C [ NO HABILITADO ]
[2C- Logging failed login attempts[28C [ DESHABILITADO ]

[+] Kerberos
------------------------------------
[2C- Check for Kerberos KDC and principals[20C [ NO ENCONTRADO ]

[+] Shells
------------------------------------
[2C- Checking shells from /etc/shells[25C
[4CResult: found 6 shells (valid shells: 6).[16C
[4C- Session timeout settings/tools[25C [ NINGUNO ]
[2C- Checking default umask values[28C
[4C- Checking default umask in /etc/bashrc[18C [ DÉBIL ]
[4C- Checking default umask in /etc/csh.cshrc[15C [ DÉBIL ]
[4C- Checking default umask in /etc/profile[17C [ NINGUNO ]

[+] Sistemas de ficheros
------------------------------------
[2C- Checking mount points[36C
[4C- Checking /home mount point[29C [ OK ]
[4C- Checking /tmp mount point[30C [ OK ]
[4C- Checking /var mount point[30C [ SUGERENCIA ]
[2C- Query swap partitions (fstab)[28C [ NINGUNO ]
[2C- Testing swap partitions[34C [ OK ]
[2C- Testing /proc mount (hidepid)[28C [ SUGERENCIA ]
[2C- Checking for old files in /tmp[27C [ OK ]
[2C- Checking /tmp sticky bit[33C [ OK ]
[2C- Checking /var/tmp sticky bit[29C [ OK ]
[2C- ACL support root file system[29C [ HABILITADO ]
[2C- Mount options of /[39C [ NO POR DEFECTO ]
[2C- Mount options of /boot[35C [ POR DEFECTO ]
[2C- Mount options of /dev[36C [ PARCIALMENTE BASTIONADO ]
[2C- Mount options of /dev/shm[32C [ PARCIALMENTE BASTIONADO ]
[2C- Mount options of /home[35C [ NO POR DEFECTO ]
[2C- Mount options of /run[36C [ BASTIONADO ]
[2C- Mount options of /tmp[36C [ PARCIALMENTE BASTIONADO ]
[2C- Total without nodev:9 noexec:15 nosuid:6 ro or noexec (W^X): 15 of total 32[0C
[2C- Checking Locate database[33C [ ENCONTRADO ]
[2C- Disable kernel support of some filesystems[15C

[+] Dispositivos USB
------------------------------------
[2C- Checking usb-storage driver (modprobe config)[12C [ NO DESHABILITADO ]
[2C- Checking USB devices authorization[23C [ HABILITADO ]
[2C- Checking USBGuard[40C [ NO ENCONTRADO ]

[+] Almacenamiento
------------------------------------
[2C- Checking firewire ohci driver (modprobe config)[10C [ NO DESHABILITADO ]

[+] NFS
------------------------------------
[2C- Query rpc registered programs[28C [ HECHO ]
[2C- Query NFS versions[39C [ HECHO ]
[2C- Query NFS protocols[38C [ HECHO ]
[2C- Check running NFS daemon[33C [ NO ENCONTRADO ]

[+] Servicios de nombres
------------------------------------
[2C- Checking search domains[34C [ ENCONTRADO ]
[2C- Checking /etc/resolv.conf options[24C [ ENCONTRADO ]
[2C- Searching DNS domain name[32C [ DESCONOCIDO ]
[2C- Checking /etc/hosts[38C
[4C- Duplicate entries in hosts file[24C [ NINGUNO ]
[4C- Presence of configured hostname in /etc/hosts[10C [ NO ENCONTRADO ]
[4C- Hostname mapped to localhost[27C [ NO ENCONTRADO ]
[4C- Localhost mapping to IP address[24C [ OK ]

[+] Puertos y paquetes
------------------------------------
[2C- Searching package managers[31C
[4C- Searching DNF package manager[26C [ ENCONTRADO ]
[6C- Querying DNF package manager[25C
[2C- Using DNF to find vulnerable packages[20C [ NINGUNO ]
[2C- Checking package audit tool[30C [ INSTALADO ]
[4CFound: dnf[47C
[2C- Toolkit for automatic upgrades[27C [ NO ENCONTRADO ]

[+] Conectividad
------------------------------------
[2C- Checking IPv6 configuration[30C [ HABILITADO ]
[6CConfiguration method[35C [ AUTO ]
[6CIPv6 only[46C [ NO ]
[2C- Checking configured nameservers[26C
[4C- Testing nameservers[36C
[8CNameserver: 127.0.0.53[31C [ OK ]
[4C- DNSSEC supported (systemd-resolved)[20C [ DESCONOCIDO ]
[2C- Checking default gateway[33C [ HECHO ]
[2C- Getting listening ports (TCP/UDP)[24C [ HECHO ]
[2C- Checking promiscuous interfaces[26C [ OK ]
[2C- Checking waiting connections[29C [ OK ]
[2C- Checking status DHCP client[30C [ SIN ACTIVAR ]
[2C- Checking for ARP monitoring software[21C [ NO ENCONTRADO ]
[2C- Uncommon network protocols[31C [ 0 ]

[+] Impresoras y spools
------------------------------------
[2C- Checking cups daemon[37C [ CORRIENDO ]
[2C- Checking CUPS configuration file[25C [ OK ]
[4C- File permissions[39C [ OK ]
[2C- Checking CUPS addresses/sockets[26C [ ENCONTRADO ]
[2C- Checking lp daemon[39C [ NO ESTÁ CORRIENDO ]

[+] Software: correo electrónico y mensajería
------------------------------------

[+] Software: firewalls
------------------------------------
[2C- Checking iptables kernel module[26C [ NO ENCONTRADO ]
[2C- Checking host based firewall[29C [ ACTIVO ]

[+] Software: servidor web
------------------------------------
[2C- Checking Apache (binary /usr/bin/httpd)[18C [ ENCONTRADO ]
[6CInfo: Configuration file found (/etc/httpd/conf/httpd.conf)[0C
[6CInfo: No virtual hosts found[27C
[4C* Loadable modules[39C [ ENCONTRADO (107) ]
[8C- Found 107 loadable modules[25C
[10Cmod_evasive: anti-DoS/brute force[18C [ NO ENCONTRADO ]
[10Cmod_reqtimeout/mod_qos[29C [ ENCONTRADO ]
[10CModSecurity: web application firewall[14C [ NO ENCONTRADO ]
[2C- Checking TraceEnable setting in:[25C
[4C  /etc/httpd/conf.d/autoindex.conf[23C [ NO ENCONTRADO ]
[4C  /etc/httpd/conf.d/mod_dnssd.conf[23C [ NO ENCONTRADO ]
[4C  /etc/httpd/conf.d/userdir.conf[25C [ NO ENCONTRADO ]
[4C  /etc/httpd/conf.d/welcome.conf[25C [ NO ENCONTRADO ]
[4C  /etc/httpd/conf.modules.d/00-base.conf[17C [ NO ENCONTRADO ]
[4C  /etc/httpd/conf.modules.d/00-brotli.conf[15C [ NO ENCONTRADO ]
[4C  /etc/httpd/conf.modules.d/00-dav.conf[18C [ NO ENCONTRADO ]
[4C  /etc/httpd/conf.modules.d/00-lua.conf[18C [ NO ENCONTRADO ]
[4C  /etc/httpd/conf.modules.d/00-mpm.conf[18C [ NO ENCONTRADO ]
[4C  /etc/httpd/conf.modules.d/00-optional.conf[13C [ NO ENCONTRADO ]
[4C  /etc/httpd/conf.modules.d/00-proxy.conf[16C [ NO ENCONTRADO ]
[4C  /etc/httpd/conf.modules.d/00-systemd.conf[14C [ NO ENCONTRADO ]
[4C  /etc/httpd/conf.modules.d/01-cgi.conf[18C [ NO ENCONTRADO ]
[4C  /etc/httpd/conf.modules.d/10-h2.conf[19C [ NO ENCONTRADO ]
[4C  /etc/httpd/conf.modules.d/10-mod_dnssd.conf[12C [ NO ENCONTRADO ]
[4C  /etc/httpd/conf.modules.d/10-proxy_h2.conf[13C [ NO ENCONTRADO ]
[4C  /etc/httpd/conf/httpd.conf[29C [ NO ENCONTRADO ]
[2C- Checking nginx[43C [ NO ENCONTRADO ]

[+] Soporte SSH
------------------------------------
[2C- Checking running SSH daemon[30C [ NO ENCONTRADO ]

[+] Soporte SNMP
------------------------------------
[2C- Checking running SNMP daemon[29C [ NO ENCONTRADO ]

[+] Bases de datos
------------------------------------
[4CNo database engines found[32C

[+] Servicios LDAP
------------------------------------
[2C- Checking OpenLDAP instance[31C [ NO ENCONTRADO ]

[+] PHP
------------------------------------
[2C- Checking PHP[45C [ NO ENCONTRADO ]

[+] Soporte Squid
------------------------------------
[2C- Checking running Squid daemon[28C [ NO ENCONTRADO ]

[+] Logging y ficheros
------------------------------------
[2C- Checking for a running log daemon[24C [ OK ]
[4C- Checking Syslog-NG status[30C [ NO ENCONTRADO ]
[4C- Checking systemd journal status[24C [ ENCONTRADO ]
[4C- Checking Metalog status[32C [ NO ENCONTRADO ]
[4C- Checking RSyslog status[32C [ ENCONTRADO ]
[4C- Checking RFC 3195 daemon status[24C [ NO ENCONTRADO ]
[4C- Checking minilogd instances[28C [ NO ENCONTRADO ]
[4C- Checking wazuh-agent daemon status[21C [ NO ENCONTRADO ]
[2C- Checking logrotate presence[30C [ OK ]
[2C- Checking remote logging[34C [ NO HABILITADO ]
[2C- Checking log directories (static list)[19C [ HECHO ]
[2C- Checking open log files[34C [ HECHO ]
[2C- Checking deleted files in use[28C [ ARCHIVOS ENCONTRADOS ]

[+] Servicios inseguros
------------------------------------
[2C- Installed inetd package[34C [ NO ENCONTRADO ]
[2C- Installed xinetd package[33C [ OK ]
[4C- xinetd status[42C [ SIN ACTIVAR ]
[2C- Installed rsh client package[29C [ OK ]
[2C- Installed rsh server package[29C [ OK ]
[2C- Installed telnet client package[26C [ OK ]
[2C- Installed telnet server package[26C [ NO ENCONTRADO ]
[2C- Checking NIS client installation[25C [ OK ]
[2C- Checking NIS server installation[25C [ OK ]
[2C- Checking TFTP client installation[24C [ OK ]
[2C- Checking TFTP server installation[24C [ OK ]

[+] Banners e identificación
------------------------------------
[2C- /etc/issue[47C [ SYMLINK ]
[4C- /etc/issue contents[36C [ DÉBIL ]
[2C- /etc/issue.net[43C [ SYMLINK ]
[4C- /etc/issue.net contents[32C [ DÉBIL ]

[+] Tareas programadas
------------------------------------
[2C- Checking crontab and cronjob files[23C [ HECHO ]
[2C- Checking atd status[38C [ CORRIENDO ]
[4C- Checking at users[38C [ HECHO ]
[4C- Checking at jobs[39C [ NINGUNO ]

[+] Contabilidad
------------------------------------
[2C- Checking accounting information[26C [ OK ]
[2C- Checking sysstat accounting data[25C [ NO ENCONTRADO ]
[2C- Checking auditd[42C [ HABILITADO ]
[4C- Checking audit rules[35C [ OK ]
[4C- Checking audit configuration file[22C [ OK ]
[4C- Checking auditd log file[31C [ ENCONTRADO ]

[+] Tiempo y sincronización
------------------------------------
[2C- NTP daemon found: chronyd[32C [ ENCONTRADO ]
[2C- Checking for a running NTP daemon or client[14C [ OK ]

[+] Criptografía
------------------------------------
[2C- Checking for expired SSL certificates [0/155][12C [ NINGUNO ]

  [WARNING]: Test CRYP-7902 had a long execution: 11.368552 seconds

[2C- Found 0 encrypted and 1 unencrypted swap devices in use.[1C [ OK ]
[2C- Kernel entropy is sufficient[29C [ SÍ ]
[2C- HW RNG & rngd[44C [ NO ]
[2C- SW prng[50C [ NO ]
[2CMOR-bit set[48C [ DESCONOCIDO ]

[+] Virtualización
------------------------------------

[+] Contenedores
------------------------------------

[+] Frameworks de seguridad
------------------------------------
[2C- Checking presence AppArmor[31C [ NO ENCONTRADO ]
[2C- Checking presence SELinux[32C [ ENCONTRADO ]
[4C- Checking SELinux status[32C [ HABILITADO ]
[6C- Checking current mode and config file[16C [ OK ]
[8CCurrent SELinux mode: enforcing[22C
[8CFound 33 permissive SELinux object types[13C
[8CFound 135 unconfined and 0 initrc_t processes[8C
[2C- Checking presence TOMOYO Linux[27C [ NO ENCONTRADO ]
[2C- Checking presence grsecurity[29C [ NO ENCONTRADO ]
[2C- Checking for implemented MAC framework[19C [ OK ]

[+] Software: integridad de ficheros
------------------------------------
[2C- Checking file integrity tools[28C
[2C- Checking presence integrity tool[25C [ NO ENCONTRADO ]

[+] Software: Herramientas del sistema
------------------------------------
[2C- Checking automation tooling[30C
[2C- Automation tooling[39C [ NO ENCONTRADO ]
[2C- Checking for IDS/IPS tooling[29C [ NINGUNO ]

[+] Software: Malware
------------------------------------
[2C- Malware software components[30C [ NO ENCONTRADO ]

[+] Permisos de ficheros
------------------------------------
[2C- Starting file permissions check[26C
[4CFile: /boot/grub2/grub.cfg[31C [ OK ]
[4CFile: /etc/at.deny[39C [ SUGERENCIA ]
[4CFile: /etc/cron.deny[37C [ SUGERENCIA ]
[4CFile: /etc/crontab[39C [ SUGERENCIA ]
[4CFile: /etc/group[41C [ OK ]
[4CFile: /etc/group-[40C [ OK ]
[4CFile: /etc/issue[41C [ OK ]
[4CFile: /etc/issue.net[37C [ OK ]
[4CFile: /etc/motd[42C [ OK ]
[4CFile: /etc/passwd[40C [ OK ]
[4CFile: /etc/passwd-[39C [ OK ]
[4CFile: /etc/ssh/sshd_config[31C [ OK ]
[4CDirectory: /root/.ssh[36C [ OK ]
[4CDirectory: /etc/cron.d[35C [ SUGERENCIA ]
[4CDirectory: /etc/cron.daily[31C [ SUGERENCIA ]
[4CDirectory: /etc/cron.hourly[30C [ SUGERENCIA ]
[4CDirectory: /etc/cron.weekly[30C [ SUGERENCIA ]
[4CDirectory: /etc/cron.monthly[29C [ SUGERENCIA ]

[+] Directorios de inicio
------------------------------------
[2C- Permissions of home directories[26C [ OK ]
[2C- Ownership of home directories[28C [ OK ]
[2C- Checking shell history files[29C [ OK ]

[+] Bastionado del kernel
------------------------------------
[2C- Comparing sysctl key pairs with scan profile[13C
[4C- dev.tty.ldisc_autoload (exp: 0)[24C [ DIFERENTE ]
[4C- fs.protected_fifos (exp: 2)[28C [ DIFERENTE ]
[4C- fs.protected_hardlinks (exp: 1)[24C [ OK ]
[4C- fs.protected_regular (exp: 2)[26C [ DIFERENTE ]
[4C- fs.protected_symlinks (exp: 1)[25C [ OK ]
[4C- fs.suid_dumpable (exp: 0)[30C [ DIFERENTE ]
[4C- kernel.core_uses_pid (exp: 1)[26C [ OK ]
[4C- kernel.ctrl-alt-del (exp: 0)[27C [ OK ]
[4C- kernel.dmesg_restrict (exp: 1)[25C [ OK ]
[4C- kernel.kptr_restrict (exp: 2)[26C [ DIFERENTE ]
[4C- kernel.modules_disabled (exp: 1)[23C [ DIFERENTE ]
[4C- kernel.perf_event_paranoid (exp: 2 3 4)[16C [ OK ]
[4C- kernel.randomize_va_space (exp: 2)[21C [ OK ]
[4C- kernel.sysrq (exp: 0)[34C [ DIFERENTE ]
[4C- kernel.unprivileged_bpf_disabled (exp: 1)[14C [ DIFERENTE ]
[4C- kernel.yama.ptrace_scope (exp: 1 2 3)[18C [ DIFERENTE ]
[4C- net.core.bpf_jit_harden (exp: 2)[23C [ DIFERENTE ]
[4C- net.ipv4.conf.all.accept_redirects (exp: 0)[12C [ DIFERENTE ]
[4C- net.ipv4.conf.all.accept_source_route (exp: 0)[9C [ OK ]
[4C- net.ipv4.conf.all.bootp_relay (exp: 0)[17C [ OK ]
[4C- net.ipv4.conf.all.forwarding (exp: 0)[18C [ OK ]
[4C- net.ipv4.conf.all.log_martians (exp: 1)[16C [ DIFERENTE ]
[4C- net.ipv4.conf.all.mc_forwarding (exp: 0)[15C [ OK ]
[4C- net.ipv4.conf.all.proxy_arp (exp: 0)[19C [ OK ]
[4C- net.ipv4.conf.all.rp_filter (exp: 1)[19C [ DIFERENTE ]
[4C- net.ipv4.conf.all.send_redirects (exp: 0)[14C [ DIFERENTE ]
[4C- net.ipv4.conf.default.accept_redirects (exp: 0)[8C [ DIFERENTE ]
[4C- net.ipv4.conf.default.accept_source_route (exp: 0)[5C [ OK ]
[4C- net.ipv4.conf.default.log_martians (exp: 1)[12C [ DIFERENTE ]
[4C- net.ipv4.icmp_echo_ignore_broadcasts (exp: 1)[10C [ OK ]
[4C- net.ipv4.icmp_ignore_bogus_error_responses (exp: 1)[4C [ OK ]
[4C- net.ipv4.tcp_syncookies (exp: 1)[23C [ OK ]
[4C- net.ipv4.tcp_timestamps (exp: 0 1)[21C [ OK ]
[4C- net.ipv6.conf.all.accept_redirects (exp: 0)[12C [ DIFERENTE ]
[4C- net.ipv6.conf.all.accept_source_route (exp: 0)[9C [ OK ]
[4C- net.ipv6.conf.default.accept_redirects (exp: 0)[8C [ DIFERENTE ]
[4C- net.ipv6.conf.default.accept_source_route (exp: 0)[5C [ OK ]

[+] Bastionado
------------------------------------
[4C- Installed compiler(s)[34C [ ENCONTRADO ]
[4C- Installed malware scanner[30C [ NO ENCONTRADO ]
[4C- Non-native binary formats[30C [ NO ENCONTRADO ]

[+] Pruebas personalizadas
------------------------------------
[2C- Running custom tests... [33C [ NINGUNO ]

[+] Plugins (fase 2)
------------------------------------

================================================================================

  -[ Lynis 3.1.5 Results ]-

  Great, no warnings

  Suggestions (30):
  ----------------------------
  * Version of Lynis outdated, consider upgrading to the latest version [LYNIS] 
    - Related resources
      * Website: https://cisofy.com/lynis/controls/LYNIS/

  * Consider hardening system services [BOOT-5264] 
    - Details  : Run '/usr/bin/systemd-analyze security SERVICE' for each service
    - Related resources
      * Article: Systemd features to secure service files: https://linux-audit.com/systemd/systemd-features-to-secure-units-and-services/
      * Website: https://cisofy.com/lynis/controls/BOOT-5264/

  * If not required, consider explicit disabling of core dump in /etc/security/limits.conf file [KRNL-5820] 
    - Related resources
      * Article: Understand and configure core dumps on Linux: https://linux-audit.com/software/understand-and-configure-core-dumps-work-on-linux/
      * Website: https://cisofy.com/lynis/controls/KRNL-5820/

  * Configure password hashing rounds in /etc/login.defs [AUTH-9230] 
    - Related resources
      * Article: Linux password security: hashing rounds: https://linux-audit.com/authentication/configure-the-minimum-password-length-on-linux-systems/
      * Website: https://cisofy.com/lynis/controls/AUTH-9230/

  * Configure minimum password age in /etc/login.defs [AUTH-9286] 
    - Related resources
      * Article: Configure minimum password length for Linux systems: https://linux-audit.com/configure-the-minimum-password-length-on-linux-systems/
      * Website: https://cisofy.com/lynis/controls/AUTH-9286/

  * Configure maximum password age in /etc/login.defs [AUTH-9286] 
    - Related resources
      * Article: Configure minimum password length for Linux systems: https://linux-audit.com/configure-the-minimum-password-length-on-linux-systems/
      * Website: https://cisofy.com/lynis/controls/AUTH-9286/

  * Default umask in /etc/login.defs could be more strict like 027 [AUTH-9328] 
    - Related resources
      * Article: Set default file permissions on Linux with umask: https://linux-audit.com/filesystems/file-permissions/set-default-file-permissions-with-umask/
      * Website: https://cisofy.com/lynis/controls/AUTH-9328/

  * To decrease the impact of a full /var file system, place /var on a separate partition [FILE-6310] 
    - Related resources
      * Website: https://cisofy.com/lynis/controls/FILE-6310/

  * Disable drivers like USB storage when not used, to prevent unauthorized storage or data theft [USB-1000] 
    - Related resources
      * Website: https://cisofy.com/lynis/controls/USB-1000/

  * Disable drivers like firewire storage when not used, to prevent unauthorized storage or data theft [STRG-1846] 
    - Related resources
      * Website: https://cisofy.com/lynis/controls/STRG-1846/

  * Check DNS configuration for the dns domain name [NAME-4028] 
    - Related resources
      * Website: https://cisofy.com/lynis/controls/NAME-4028/

  * Add the IP name and FQDN to /etc/hosts for proper name resolving [NAME-4404] 
    - Related resources
      * Article: Keeping your /etc/hosts file healthy: https://linux-audit.com/is-your-etc-hosts-file-healthy/
      * Website: https://cisofy.com/lynis/controls/NAME-4404/

  * Consider using a tool to automatically apply upgrades [PKGS-7420] 
    - Related resources
      * Website: https://cisofy.com/lynis/controls/PKGS-7420/

  * Determine if protocol 'dccp' is really needed on this system [NETW-3200] 
    - Related resources
      * Website: https://cisofy.com/lynis/controls/NETW-3200/

  * Determine if protocol 'sctp' is really needed on this system [NETW-3200] 
    - Related resources
      * Website: https://cisofy.com/lynis/controls/NETW-3200/

  * Determine if protocol 'rds' is really needed on this system [NETW-3200] 
    - Related resources
      * Website: https://cisofy.com/lynis/controls/NETW-3200/

  * Determine if protocol 'tipc' is really needed on this system [NETW-3200] 
    - Related resources
      * Website: https://cisofy.com/lynis/controls/NETW-3200/

  * Install Apache mod_evasive to guard webserver against DoS/brute force attempts [HTTP-6640] 
    - Related resources
      * Website: https://cisofy.com/lynis/controls/HTTP-6640/

  * Install Apache modsecurity to guard webserver against web application attacks [HTTP-6643] 
    - Related resources
      * Website: https://cisofy.com/lynis/controls/HTTP-6643/

  * Enable logging to an external logging host for archiving purposes and additional protection [LOGG-2154] 
    - Related resources
      * Website: https://cisofy.com/lynis/controls/LOGG-2154/

  * Check what deleted files are still in use and why. [LOGG-2190] 
    - Related resources
      * Website: https://cisofy.com/lynis/controls/LOGG-2190/

  * Add a legal banner to /etc/issue, to warn unauthorized users [BANN-7126] 
    - Related resources
      * Article: The real purpose of login banners: https://linux-audit.com/the-real-purpose-of-login-banners-on-linux/
      * Website: https://cisofy.com/lynis/controls/BANN-7126/

  * Add legal banner to /etc/issue.net, to warn unauthorized users [BANN-7130] 
    - Related resources
      * Article: The real purpose of login banners: https://linux-audit.com/the-real-purpose-of-login-banners-on-linux/
      * Website: https://cisofy.com/lynis/controls/BANN-7130/

  * Enable sysstat to collect accounting (no results) [ACCT-9626] 
    - Related resources
      * Website: https://cisofy.com/lynis/controls/ACCT-9626/

  * Install a file integrity tool to monitor changes to critical and sensitive files [FINT-4350] 
    - Related resources
      * Article: Monitoring Linux file access, changes and data modifications: https://linux-audit.com/monitoring-linux-file-access-changes-and-modifications/
      * Article: Monitor for file changes on Linux: https://linux-audit.com/monitor-for-file-system-changes-on-linux/
      * Website: https://cisofy.com/lynis/controls/FINT-4350/

  * Determine if automation tools are present for system management [TOOL-5002] 
    - Related resources
      * Website: https://cisofy.com/lynis/controls/TOOL-5002/

  * Consider restricting file permissions [FILE-7524] 
    - Details  : See screen output or log file
    - Solution : Use chmod to change file permissions
    - Related resources
      * Website: https://cisofy.com/lynis/controls/FILE-7524/

  * One or more sysctl values differ from the scan profile and could be tweaked [KRNL-6000] 
    - Solution : Change sysctl value or disable test (skip-test=KRNL-6000:<sysctl-key>)
    - Related resources
      * Article: Linux hardening with sysctl settings: https://linux-audit.com/linux-hardening-with-sysctl/
      * Article: Overview of sysctl options and values: https://linux-audit.com/kernel/sysctl/
      * Website: https://cisofy.com/lynis/controls/KRNL-6000/

  * Harden compilers like restricting access to root user only [HRDN-7222] 
    - Related resources
      * Article: Why remove compilers from your system?: https://linux-audit.com/software/why-remove-compilers-from-your-system/
      * Website: https://cisofy.com/lynis/controls/HRDN-7222/

  * Harden the system by installing at least one malware scanner, to perform periodic file system scans [HRDN-7230] 
    - Solution : Install a tool like rkhunter, chkrootkit, OSSEC, Wazuh
    - Related resources
      * Article: Antivirus for Linux: is it really needed?: https://linux-audit.com/malware/antivirus-for-linux-really-needed/
      * Article: Monitoring Linux Systems for Rootkits: https://linux-audit.com/monitoring-linux-systems-for-rootkits/
      * Website: https://cisofy.com/lynis/controls/HRDN-7230/

  Follow-up:
  ----------------------------
  - Show details of a test (lynis show details TEST-ID)
  - Check the logfile for all details (less /var/log/lynis.log)
  - Read security controls texts (https://cisofy.com)
  - Use --upload to upload data to central system (Lynis Enterprise users)

================================================================================

  Lynis security scan details:

  Hardening index : 68 [#############       ]
  Tests performed : 259
  Plugins enabled : 0

  Components:
  - Firewall               [V]
  - Malware scanner        [X]

  Scan mode:
  Normal [V]  Forensics [ ]  Integration [ ]  Pentest [ ]

  Lynis modules:
  - Compliance status      [?]
  - Security audit         [V]
  - Vulnerability scan     [V]

  Files:
  - Test and debug information      : /var/log/lynis.log
  - Report data                     : /var/log/lynis-report.dat

================================================================================
  Notice: Lynis Actualización disponible
  Versión actual : 315    Última versión : 316
================================================================================

  Lynis 3.1.5

  Auditing, system hardening, and compliance for UNIX-based systems
  (Linux, macOS, BSD, and others)

  2007-2025, CISOfy - https://cisofy.com/lynis/
  Enterprise support available (compliance, plugins, interface and tools)

================================================================================

  [TIP]: Enhance Lynis audits by adding your settings to custom.prf (see /etc/lynis/default.prf for all settings)

